<?xml version="1.0" encoding="UTF-8"?>
<!-- Generated by org.testng.reporters.JUnitReportReporter -->
<testsuite hostname="lin33001588" failures="0" tests="1" name="Com.kite.qa.TestCases.HomePageTest" time="8.113" errors="0" timestamp="2022-07-08T23:50:44 IST" skipped="0">
  <testcase classname="Com.kite.qa.TestCases.HomePageTest" name="HomepageTitle" time="8.113"/>
  <system-out/>
</testsuite> <!-- Com.kite.qa.TestCases.HomePageTest -->
