<?xml version="1.0" encoding="UTF-8"?>
<!-- Generated by org.testng.reporters.JUnitReportReporter -->
<testsuite hostname="lin33001588" failures="0" tests="1" name="TestCase.HomePageTest" time="8.653" errors="0" timestamp="2022-07-09T00:05:52 IST" skipped="0">
  <testcase classname="TestCase.HomePageTest" name="HomepageTitle" time="8.653"/>
  <system-out/>
</testsuite> <!-- TestCase.HomePageTest -->
